------------------------------------------------------------------------------------------------------------------------

[2017-11-19 01:01:10 #1 store] 
Database 'D:\SmartReminder\db\database.odb' is opened by 7484@kan-PC

[2017-11-19 01:01:10 #2 store] 
Configuration path: D:\SmartReminder\objectdb-2.7.2_06\objectdb.conf

[2017-11-19 01:01:16 #3 store] 
Database 'D:\SmartReminder\db\database.odb' is closed by 7484@kan-PC

------------------------------------------------------------------------------------------------------------------------

[2017-11-19 01:01:50 #1 store] 
Database 'D:\SmartReminder\db\database.odb' is opened by 8100@kan-PC

[2017-11-19 01:01:50 #2 store] 
Configuration path: D:\SmartReminder\objectdb-2.7.2_06\objectdb.conf

[2017-11-19 01:01:54 #3 store] 
Database 'D:\SmartReminder\db\database.odb' is closed by 8100@kan-PC

------------------------------------------------------------------------------------------------------------------------

[2017-11-19 03:44:18 #1 store] 
Database 'C:\Users\kan\Documents\SmartReminderV2\SE_PROJECT_2017\db\database.odb' is opened by 5892@kan-PC

[2017-11-19 03:44:18 #2 store] 
Configuration path: C:\Users\kan\Documents\SmartReminderV2\SE_PROJECT_2017\objectdb-2.7.2_06\objectdb.conf

[2017-11-19 03:44:34 #3 store] 
Database 'C:\Users\kan\Documents\SmartReminderV2\SE_PROJECT_2017\db\database.odb' is closed by 5892@kan-PC

------------------------------------------------------------------------------------------------------------------------

[2017-11-19 09:15:52 #1 store] 
Database 'C:\Users\kan\Documents\SmartReminderV2\SE_PROJECT_2017\db\database.odb' is opened by 6300@kan-PC

[2017-11-19 09:15:52 #2 store] 
Configuration path: C:\Users\kan\Documents\SmartReminderV2\SE_PROJECT_2017\objectdb-2.7.2_06\objectdb.conf

[2017-11-19 09:16:00 #3 store] 
Database 'C:\Users\kan\Documents\SmartReminderV2\SE_PROJECT_2017\db\database.odb' is closed by 6300@kan-PC

------------------------------------------------------------------------------------------------------------------------

[2017-11-19 12:29:02 #1 store] 
Database 'C:\Users\kan\Documents\SmartReminderV2\SE_PROJECT_2017\db\database.odb' is opened by 6176@kan-PC

[2017-11-19 12:29:02 #2 store] 
Configuration path: C:\Users\kan\Documents\SmartReminderV2\SE_PROJECT_2017\objectdb-2.7.2_06\objectdb.conf

[2017-11-19 12:29:39 #3 store] 
Database 'C:\Users\kan\Documents\SmartReminderV2\SE_PROJECT_2017\db\database.odb' is closed by 6176@kan-PC

------------------------------------------------------------------------------------------------------------------------

[2017-11-19 12:59:06 #1 store] 
Database 'C:\Users\kan\Documents\SmartReminderV2\SE_PROJECT_2017\db\database.odb' is opened by 5240@kan-PC

[2017-11-19 12:59:06 #2 store] 
Configuration path: C:\Users\kan\Documents\SmartReminderV2\SE_PROJECT_2017\objectdb-2.7.2_06\objectdb.conf

[2017-11-19 12:59:21 #3 store] 
Database 'C:\Users\kan\Documents\SmartReminderV2\SE_PROJECT_2017\db\database.odb' is closed by 5240@kan-PC

------------------------------------------------------------------------------------------------------------------------

[2017-11-19 13:05:13 #1 store] 
Database 'C:\Users\kan\Documents\SmartReminderV2\SE_PROJECT_2017\db\database.odb' is opened by 3376@kan-PC

[2017-11-19 13:05:13 #2 store] 
Configuration path: C:\Users\kan\Documents\SmartReminderV2\SE_PROJECT_2017\objectdb-2.7.2_06\objectdb.conf

[2017-11-19 13:05:23 #3 store] 
Database 'C:\Users\kan\Documents\SmartReminderV2\SE_PROJECT_2017\db\database.odb' is closed by 3376@kan-PC

------------------------------------------------------------------------------------------------------------------------

[2017-11-19 13:08:10 #1 store] 
Database 'C:\Users\kan\Documents\SmartReminderV2\SE_PROJECT_2017\db\database.odb' is opened by 7812@kan-PC

[2017-11-19 13:08:10 #2 store] 
Configuration path: C:\Users\kan\Documents\SmartReminderV2\SE_PROJECT_2017\objectdb-2.7.2_06\objectdb.conf

[2017-11-19 13:08:18 #3 store] 
Database 'C:\Users\kan\Documents\SmartReminderV2\SE_PROJECT_2017\db\database.odb' is closed by 7812@kan-PC

------------------------------------------------------------------------------------------------------------------------

[2017-11-19 13:56:36 #1 store] 
Database 'C:\Users\kan\Documents\SmartReminderV2\SE_PROJECT_2017\db\database.odb' is opened by 6288@kan-PC

[2017-11-19 13:56:36 #2 store] 
Configuration path: C:\Users\kan\Documents\SmartReminderV2\SE_PROJECT_2017\objectdb-2.7.2_06\objectdb.conf

[2017-11-19 13:57:54 #3 store] 
Database 'C:\Users\kan\Documents\SmartReminderV2\SE_PROJECT_2017\db\database.odb' is closed by 6288@kan-PC

------------------------------------------------------------------------------------------------------------------------

[2017-11-19 13:57:57 #1 store] 
Database 'C:\Users\kan\Documents\SmartReminderV2\SE_PROJECT_2017\db\database.odb' is opened by 2000@kan-PC

[2017-11-19 13:57:57 #2 store] 
Configuration path: C:\Users\kan\Documents\SmartReminderV2\SE_PROJECT_2017\objectdb-2.7.2_06\objectdb.conf

[2017-11-19 13:58:13 #3 store] 
Database 'C:\Users\kan\Documents\SmartReminderV2\SE_PROJECT_2017\db\database.odb' is closed by 2000@kan-PC

------------------------------------------------------------------------------------------------------------------------

[2017-11-19 13:59:42 #1 store] 
Database 'C:\Users\kan\Documents\SmartReminderV2\SE_PROJECT_2017\db\database.odb' is opened by 4584@kan-PC

[2017-11-19 13:59:42 #2 store] 
Configuration path: C:\Users\kan\Documents\SmartReminderV2\SE_PROJECT_2017\objectdb-2.7.2_06\objectdb.conf

[2017-11-19 14:00:06 #3 store] 
Database 'C:\Users\kan\Documents\SmartReminderV2\SE_PROJECT_2017\db\database.odb' is closed by 4584@kan-PC

------------------------------------------------------------------------------------------------------------------------

[2017-11-19 14:05:02 #1 store] 
Database 'C:\Users\kan\Documents\SmartReminderV2\SE_PROJECT_2017\db\database.odb' is opened by 7516@kan-PC

[2017-11-19 14:05:02 #2 store] 
Configuration path: C:\Users\kan\Documents\SmartReminderV2\SE_PROJECT_2017\objectdb-2.7.2_06\objectdb.conf

[2017-11-19 14:05:22 #3 store] 
Database 'C:\Users\kan\Documents\SmartReminderV2\SE_PROJECT_2017\db\database.odb' is closed by 7516@kan-PC

------------------------------------------------------------------------------------------------------------------------

[2017-11-19 14:16:10 #1 store] 
Database 'C:\Users\kan\Documents\SmartReminderV2\SE_PROJECT_2017\db\database.odb' is opened by 6296@kan-PC

[2017-11-19 14:16:10 #2 store] 
Configuration path: C:\Users\kan\Documents\SmartReminderV2\SE_PROJECT_2017\objectdb-2.7.2_06\objectdb.conf

[2017-11-19 14:16:19 #3 store] 
Database 'C:\Users\kan\Documents\SmartReminderV2\SE_PROJECT_2017\db\database.odb' is closed by 6296@kan-PC

------------------------------------------------------------------------------------------------------------------------

[2017-11-19 14:21:14 #1 store] 
Database 'C:\Users\kan\Documents\SmartReminderV2\SE_PROJECT_2017\db\database.odb' is opened by 4148@kan-PC

[2017-11-19 14:21:14 #2 store] 
Configuration path: C:\Users\kan\Documents\SmartReminderV2\SE_PROJECT_2017\objectdb-2.7.2_06\objectdb.conf

[2017-11-19 14:21:26 #3 store] 
Database 'C:\Users\kan\Documents\SmartReminderV2\SE_PROJECT_2017\db\database.odb' is closed by 4148@kan-PC

------------------------------------------------------------------------------------------------------------------------

[2017-11-19 14:48:37 #1 store] 
Database 'C:\Users\kan\Documents\SmartReminderV2\SE_PROJECT_2017\db\database.odb' is opened by 3328@kan-PC

[2017-11-19 14:48:37 #2 store] 
Configuration path: C:\Users\kan\Documents\SmartReminderV2\SE_PROJECT_2017\objectdb-2.7.2_06\objectdb.conf

[2017-11-19 14:49:00 #3 store] 
Database 'C:\Users\kan\Documents\SmartReminderV2\SE_PROJECT_2017\db\database.odb' is closed by 3328@kan-PC

------------------------------------------------------------------------------------------------------------------------

[2017-11-19 16:04:24 #1 explorer] 
[ObjectDB 2.7.2_06] javax.persistence.PersistenceException
Attempt to open a database file 'C:\Users\kan\Documents\SmartReminderV2\SE_PROJECT_2017\db\database.odb' that is currently in use by another process (error 141)
	at com.objectdb.Explorer$1.run(Explorer.java:57)
	at java.desktop/java.awt.event.InvocationEvent.dispatch(Unknown Source)
	at java.desktop/java.awt.EventQueue.dispatchEventImpl(Unknown Source)
	at java.desktop/java.awt.EventQueue.access$500(Unknown Source)
	at java.desktop/java.awt.EventQueue$3.run(Unknown Source)
	at java.desktop/java.awt.EventQueue$3.run(Unknown Source)
	at java.base/java.security.AccessController.doPrivileged(Native Method)
	at java.base/java.security.ProtectionDomain$JavaSecurityAccessImpl.doIntersectionPrivilege(Unknown Source)
	at java.desktop/java.awt.EventQueue.dispatchEvent(Unknown Source)
	at java.desktop/java.awt.EventDispatchThread.pumpOneEventForFilters(Unknown Source)
	at java.desktop/java.awt.EventDispatchThread.pumpEventsForFilter(Unknown Source)
	at java.desktop/java.awt.EventDispatchThread.pumpEventsForHierarchy(Unknown Source)
	at java.desktop/java.awt.EventDispatchThread.pumpEvents(Unknown Source)
	at java.desktop/java.awt.EventDispatchThread.pumpEvents(Unknown Source)
	at java.desktop/java.awt.EventDispatchThread.run(Unknown Source)
Caused by: com.objectdb.o.UserException: Attempt to open a database file 'C:\Users\kan\Documents\SmartReminderV2\SE_PROJECT_2017\db\database.odb' that is currently in use by another process
	at com.objectdb.o.MSG.d(MSG.java:64)
	at com.objectdb.o.LFL.F(LFL.java:930)
	at com.objectdb.o.LFL.C(LFL.java:887)
	at com.objectdb.o.LFL.C(LFL.java:797)
	at com.objectdb.o.DFL.<init>(DFL.java:241)
	at com.objectdb.o.DocManager.<init>(DocManager.java:25)
	at com.objectdb.o.MST.<init>(MST.java:127)
	at com.objectdb.o.MST.aO(MST.java:109)
	at com.objectdb.o.MSF.Vi(MSF.java:190)
	at com.objectdb.o.OMF.an(OMF.java:783)
	at com.objectdb.jpa.EMF.an(EMF.java:131)
	at com.objectdb.o.OMF.am(OMF.java:694)
	at com.objectdb.jpa.EMF.createEntityManager(EMF.java:150)
	... 17 more

------------------------------------------------------------------------------------------------------------------------

[2017-11-19 16:04:55 #1 store] 
Database 'C:\Users\kan\Documents\SmartReminderV2\SE_PROJECT_2017\db\database.odb' is opened by 3224@kan-PC

[2017-11-19 16:04:55 #2 store] 
Configuration path: C:\Users\kan\Documents\SmartReminderV2\SE_PROJECT_2017\objectdb-2.7.2_06\objectdb.conf

[2017-11-19 16:05:22 #3 store] 
Database 'C:\Users\kan\Documents\SmartReminderV2\SE_PROJECT_2017\db\database.odb' is closed by 3224@kan-PC

------------------------------------------------------------------------------------------------------------------------

[2017-11-19 16:32:25 #1 store] 
Database 'C:\Users\kan\Documents\SmartReminderV2\SE_PROJECT_2017\db\database.odb' is opened by 4580@kan-PC

[2017-11-19 16:32:25 #2 store] 
Configuration path: C:\Users\kan\Documents\SmartReminderV2\SE_PROJECT_2017\objectdb-2.7.2_06\objectdb.conf

[2017-11-19 16:47:48 #3 store] 
Database 'C:\Users\kan\Documents\SmartReminderV2\SE_PROJECT_2017\db\database.odb' is closed by 4580@kan-PC

