------------------------------------------------------------------------------------------------------------------------

[2017-11-16 20:11:04 #1 store] 
Database 'C:\Users\58010622\Desktop\SE-Project\SmartReminder\dist\run2062322349\db\database.odb' is opened by 9972@DESKTOP-ELH9RTE

[2017-11-16 20:11:04 #2 store] 
Configuration path: C:\Users\58010622\Desktop\SE-Project\SmartReminder\objectdb-2.7.2_06\objectdb.conf

[2017-11-16 20:11:19 #3 store] 
Database 'C:\Users\58010622\Desktop\SE-Project\SmartReminder\dist\run2062322349\db\database.odb' is closed by 9972@DESKTOP-ELH9RTE

------------------------------------------------------------------------------------------------------------------------

[2017-11-16 20:14:29 #1 store] 
Database 'C:\Users\58010622\Desktop\SE-Project\SmartReminder\db\database.odb' is opened by 2144@DESKTOP-ELH9RTE

[2017-11-16 20:14:29 #2 store] 
Configuration path: C:\Users\58010622\Desktop\SE-Project\SmartReminder\objectdb-2.7.2_06\objectdb.conf

[2017-11-16 20:15:04 #3 store] 
Database 'C:\Users\58010622\Desktop\SE-Project\SmartReminder\db\database.odb' is closed by 2144@DESKTOP-ELH9RTE

------------------------------------------------------------------------------------------------------------------------

[2017-11-16 20:50:52 #1 store] 
Database 'C:\Users\58010622\Desktop\SE-Project\SmartReminder\db\database.odb' is opened by 1232@DESKTOP-ELH9RTE

[2017-11-16 20:50:52 #2 store] 
Configuration path: C:\Users\58010622\Desktop\SE-Project\SmartReminder\objectdb-2.7.2_06\objectdb.conf

[2017-11-16 20:51:24 #3 store] 
Database 'C:\Users\58010622\Desktop\SE-Project\SmartReminder\db\database.odb' is closed by 1232@DESKTOP-ELH9RTE

------------------------------------------------------------------------------------------------------------------------

[2017-11-16 20:51:34 #1 store] 
Database 'C:\Users\58010622\Desktop\SE-Project\SmartReminder\db\database.odb' is opened by 2116@DESKTOP-ELH9RTE

[2017-11-16 20:51:34 #2 store] 
Configuration path: C:\Users\58010622\Desktop\SE-Project\SmartReminder\objectdb-2.7.2_06\objectdb.conf

[2017-11-16 20:51:59 #3 store] 
Database 'C:\Users\58010622\Desktop\SE-Project\SmartReminder\db\database.odb' is closed by 2116@DESKTOP-ELH9RTE

------------------------------------------------------------------------------------------------------------------------

[2017-11-16 20:54:29 #1 store] 
Database 'C:\Users\58010622\Desktop\SE-Project\SmartReminder\db\database.odb' is opened by 8620@DESKTOP-ELH9RTE

[2017-11-16 20:54:29 #2 store] 
Configuration path: C:\Users\58010622\Desktop\SE-Project\SmartReminder\objectdb-2.7.2_06\objectdb.conf

[2017-11-16 20:54:36 #3 store] 
Database 'C:\Users\58010622\Desktop\SE-Project\SmartReminder\db\database.odb' is closed by 8620@DESKTOP-ELH9RTE

