------------------------------------------------------------------------------------------------------------------------

[2017-12-08 02:20:11 #1 explorer] 
[ObjectDB 2.7.2_06] javax.persistence.PersistenceException
Failed to connect to server 161.246.6.212:80 (connect timed out) (error 522)
	at com.objectdb.Explorer$1.run(Explorer.java:57)
	at java.desktop/java.awt.event.InvocationEvent.dispatch(Unknown Source)
	at java.desktop/java.awt.EventQueue.dispatchEventImpl(Unknown Source)
	at java.desktop/java.awt.EventQueue.access$500(Unknown Source)
	at java.desktop/java.awt.EventQueue$3.run(Unknown Source)
	at java.desktop/java.awt.EventQueue$3.run(Unknown Source)
	at java.base/java.security.AccessController.doPrivileged(Native Method)
	at java.base/java.security.ProtectionDomain$JavaSecurityAccessImpl.doIntersectionPrivilege(Unknown Source)
	at java.desktop/java.awt.EventQueue.dispatchEvent(Unknown Source)
	at java.desktop/java.awt.EventDispatchThread.pumpOneEventForFilters(Unknown Source)
	at java.desktop/java.awt.EventDispatchThread.pumpEventsForFilter(Unknown Source)
	at java.desktop/java.awt.EventDispatchThread.pumpEventsForHierarchy(Unknown Source)
	at java.desktop/java.awt.EventDispatchThread.pumpEvents(Unknown Source)
	at java.desktop/java.awt.EventDispatchThread.pumpEvents(Unknown Source)
	at java.desktop/java.awt.EventDispatchThread.run(Unknown Source)
Caused by: com.objectdb.o.UserException: Failed to connect to server 161.246.6.212:80 (connect timed out)
	at com.objectdb.o.MSG.d(MSG.java:77)
	at com.objectdb.o.CLS.M(CLS.java:155)
	at com.objectdb.o.CST.<init>(CST.java:79)
	at com.objectdb.o.CSF.Vi(CSF.java:90)
	at com.objectdb.o.OMF.an(OMF.java:783)
	at com.objectdb.jpa.EMF.an(EMF.java:131)
	at com.objectdb.o.OMF.am(OMF.java:694)
	at com.objectdb.jpa.EMF.createEntityManager(EMF.java:150)
	... 17 more
Caused by: java.net.SocketTimeoutException: connect timed out
	at java.base/java.net.DualStackPlainSocketImpl.waitForConnect(Native Method)
	at java.base/java.net.DualStackPlainSocketImpl.socketConnect(Unknown Source)
	at java.base/java.net.AbstractPlainSocketImpl.doConnect(Unknown Source)
	at java.base/java.net.AbstractPlainSocketImpl.connectToAddress(Unknown Source)
	at java.base/java.net.AbstractPlainSocketImpl.connect(Unknown Source)
	at java.base/java.net.PlainSocketImpl.connect(Unknown Source)
	at java.base/java.net.SocksSocketImpl.connect(Unknown Source)
	at java.base/java.net.Socket.connect(Unknown Source)
	at com.objectdb.o.CLS.M(CLS.java:123)
	... 23 more

------------------------------------------------------------------------------------------------------------------------

[2017-12-08 02:21:11 #1 store] 
Database 'D:\FinalSE\db\database.odb' is opened by 7100@kan-PC

[2017-12-08 02:21:11 #2 store] 
Configuration path: D:\FinalSE\objectdb-2.7.2_06\objectdb.conf

[2017-12-08 02:22:33 #3 store] 
Database 'D:\FinalSE\db\database.odb' is closed by 7100@kan-PC

------------------------------------------------------------------------------------------------------------------------

[2017-12-08 02:26:19 #1 store] 
Database 'D:\FinalSE\db\database.odb' is opened by 4696@kan-PC

[2017-12-08 02:26:19 #2 store] 
Configuration path: D:\FinalSE\objectdb-2.7.2_06\objectdb.conf

[2017-12-08 02:26:23 #3 store] 
Database 'D:\FinalSE\db\database.odb' is closed by 4696@kan-PC

------------------------------------------------------------------------------------------------------------------------

[2017-12-08 03:00:51 #1 store] 
Database 'D:\FinalSE\db\database.odb' is opened by 3280@kan-PC

[2017-12-08 03:00:51 #2 store] 
Configuration path: D:\FinalSE\objectdb-2.7.2_06\objectdb.conf

[2017-12-08 03:01:31 #3 store] 
Database 'D:\FinalSE\db\database.odb' is closed by 3280@kan-PC

------------------------------------------------------------------------------------------------------------------------

[2017-12-08 03:36:48 #1 store] 
Database 'D:\FinalSE\db\database.odb' is opened by 3160@kan-PC

[2017-12-08 03:36:48 #2 store] 
Configuration path: D:\FinalSE\objectdb-2.7.2_06\objectdb.conf

[2017-12-08 03:36:59 #3 store] 
Database 'D:\FinalSE\db\database.odb' is closed by 3160@kan-PC

------------------------------------------------------------------------------------------------------------------------

[2017-12-08 03:37:12 #1 store] 
Database 'D:\FinalSE\db\database.odb' is opened by 7560@kan-PC

[2017-12-08 03:37:12 #2 store] 
Configuration path: D:\FinalSE\objectdb-2.7.2_06\objectdb.conf

[2017-12-08 03:37:31 #3 store] 
Database 'D:\FinalSE\db\database.odb' is closed by 7560@kan-PC

------------------------------------------------------------------------------------------------------------------------

[2017-12-08 03:37:53 #1 store] 
Database 'D:\FinalSE\db\database.odb' is opened by 3164@kan-PC

[2017-12-08 03:37:53 #2 store] 
Configuration path: D:\FinalSE\objectdb-2.7.2_06\objectdb.conf

[2017-12-08 03:38:01 #3 store] 
Database 'D:\FinalSE\db\database.odb' is closed by 3164@kan-PC

------------------------------------------------------------------------------------------------------------------------

[2017-12-08 03:43:48 #1 store] 
Database 'D:\FinalSE\db\database.odb' is opened by 4712@kan-PC

[2017-12-08 03:43:48 #2 store] 
Configuration path: D:\FinalSE\objectdb-2.7.2_06\objectdb.conf

[2017-12-08 03:43:55 #3 store] 
Database 'D:\FinalSE\db\database.odb' is closed by 4712@kan-PC

------------------------------------------------------------------------------------------------------------------------

[2017-12-08 03:44:21 #1 store] 
Database 'D:\FinalSE\db\database.odb' is opened by 7436@kan-PC

[2017-12-08 03:44:21 #2 store] 
Configuration path: D:\FinalSE\objectdb-2.7.2_06\objectdb.conf

[2017-12-08 03:44:29 #3 store] 
Database 'D:\FinalSE\db\database.odb' is closed by 7436@kan-PC

------------------------------------------------------------------------------------------------------------------------

[2017-12-08 03:46:58 #1 store] 
Database 'D:\FinalSE\db\database.odb' is opened by 3772@kan-PC

[2017-12-08 03:46:58 #2 store] 
Configuration path: D:\FinalSE\objectdb-2.7.2_06\objectdb.conf

[2017-12-08 03:47:06 #3 store] 
Database 'D:\FinalSE\db\database.odb' is closed by 3772@kan-PC

------------------------------------------------------------------------------------------------------------------------

[2017-12-08 03:48:37 #1 store] 
Database 'D:\FinalSE\db\database.odb' is opened by 5056@kan-PC

[2017-12-08 03:48:37 #2 store] 
Configuration path: D:\FinalSE\objectdb-2.7.2_06\objectdb.conf

[2017-12-08 03:48:46 #3 store] 
Database 'D:\FinalSE\db\database.odb' is closed by 5056@kan-PC

------------------------------------------------------------------------------------------------------------------------

[2017-12-08 03:49:56 #1 store] 
Database 'D:\FinalSE\db\database.odb' is opened by 7528@kan-PC

[2017-12-08 03:49:56 #2 store] 
Configuration path: D:\FinalSE\objectdb-2.7.2_06\objectdb.conf

[2017-12-08 03:50:09 #3 store] 
Database 'D:\FinalSE\db\database.odb' is closed by 7528@kan-PC

