------------------------------------------------------------------------------------------------------------------------

[2017-11-20 09:55:40 #1 store] 
Database 'C:\Users\kan\Documents\SmartReminderV2\SE_PROJECT_2017\db\database.odb' is opened by 5436@kan-PC

[2017-11-20 09:55:40 #2 store] 
Configuration path: C:\Users\kan\Documents\SmartReminderV2\SE_PROJECT_2017\objectdb-2.7.2_06\objectdb.conf

[2017-11-20 09:55:58 #3 store] 
Database 'C:\Users\kan\Documents\SmartReminderV2\SE_PROJECT_2017\db\database.odb' is closed by 5436@kan-PC

------------------------------------------------------------------------------------------------------------------------

[2017-11-20 09:57:00 #1 store] 
Database 'C:\Users\kan\Documents\SmartReminderV2\SE_PROJECT_2017\db\database.odb' is opened by 5664@kan-PC

[2017-11-20 09:57:00 #2 store] 
Configuration path: C:\Users\kan\Documents\SmartReminderV2\SE_PROJECT_2017\objectdb-2.7.2_06\objectdb.conf

[2017-11-20 09:58:38 #3 store] 
Database 'C:\Users\kan\Documents\SmartReminderV2\SE_PROJECT_2017\db\database.odb' is closed by 5664@kan-PC

------------------------------------------------------------------------------------------------------------------------

[2017-11-20 10:00:32 #1 store] 
Database 'C:\Users\kan\Documents\SmartReminderV2\SE_PROJECT_2017\db\database.odb' is opened by 3684@kan-PC

[2017-11-20 10:00:32 #2 store] 
Configuration path: C:\Users\kan\Documents\SmartReminderV2\SE_PROJECT_2017\objectdb-2.7.2_06\objectdb.conf

[2017-11-20 10:01:23 #3 store] 
Database 'C:\Users\kan\Documents\SmartReminderV2\SE_PROJECT_2017\db\database.odb' is closed by 3684@kan-PC

------------------------------------------------------------------------------------------------------------------------

[2017-11-20 10:01:58 #1 store] 
Database 'C:\Users\kan\Documents\SmartReminderV2\SE_PROJECT_2017\db\database.odb' is opened by 4272@kan-PC

[2017-11-20 10:01:58 #2 store] 
Configuration path: C:\Users\kan\Documents\SmartReminderV2\SE_PROJECT_2017\objectdb-2.7.2_06\objectdb.conf

[2017-11-20 10:02:39 #3 store] 
Database 'C:\Users\kan\Documents\SmartReminderV2\SE_PROJECT_2017\db\database.odb' is closed by 4272@kan-PC

------------------------------------------------------------------------------------------------------------------------

[2017-11-20 11:18:58 #1 store] 
Database 'C:\Users\kan\Documents\SmartReminderV2\SE_PROJECT_2017\db\database.odb' is opened by 844@kan-PC

[2017-11-20 11:18:58 #2 store] 
Configuration path: C:\Users\kan\Documents\SmartReminderV2\SE_PROJECT_2017\objectdb-2.7.2_06\objectdb.conf

[2017-11-20 11:19:31 #3 store] 
Database 'C:\Users\kan\Documents\SmartReminderV2\SE_PROJECT_2017\db\database.odb' is closed by 844@kan-PC

------------------------------------------------------------------------------------------------------------------------

[2017-11-20 11:24:02 #1 store] 
Database 'C:\Users\kan\Documents\SmartReminderV2\SE_PROJECT_2017\db\database.odb' is opened by 1688@kan-PC

[2017-11-20 11:24:02 #2 store] 
Configuration path: C:\Users\kan\Documents\SmartReminderV2\SE_PROJECT_2017\objectdb-2.7.2_06\objectdb.conf

[2017-11-20 11:24:08 #3 store] 
Database 'C:\Users\kan\Documents\SmartReminderV2\SE_PROJECT_2017\db\database.odb' is closed by 1688@kan-PC

------------------------------------------------------------------------------------------------------------------------

[2017-11-20 11:25:14 #1 store] 
Database 'C:\Users\kan\Documents\SmartReminderV2\SE_PROJECT_2017\db\database.odb' is opened by 5740@kan-PC

[2017-11-20 11:25:14 #2 store] 
Configuration path: C:\Users\kan\Documents\SmartReminderV2\SE_PROJECT_2017\objectdb-2.7.2_06\objectdb.conf

[2017-11-20 11:25:32 #3 store] 
Database 'C:\Users\kan\Documents\SmartReminderV2\SE_PROJECT_2017\db\database.odb' is closed by 5740@kan-PC

------------------------------------------------------------------------------------------------------------------------

[2017-11-20 11:26:29 #1 store] 
Database 'C:\Users\kan\Documents\SmartReminderV2\SE_PROJECT_2017\db\database.odb' is opened by 1968@kan-PC

[2017-11-20 11:26:29 #2 store] 
Configuration path: C:\Users\kan\Documents\SmartReminderV2\SE_PROJECT_2017\objectdb-2.7.2_06\objectdb.conf

[2017-11-20 11:26:45 #3 store] 
Database 'C:\Users\kan\Documents\SmartReminderV2\SE_PROJECT_2017\db\database.odb' is closed by 1968@kan-PC

------------------------------------------------------------------------------------------------------------------------

[2017-11-20 11:28:12 #1 store] 
Database 'C:\Users\kan\Documents\SmartReminderV2\SE_PROJECT_2017\db\database.odb' is opened by 3312@kan-PC

[2017-11-20 11:28:12 #2 store] 
Configuration path: C:\Users\kan\Documents\SmartReminderV2\SE_PROJECT_2017\objectdb-2.7.2_06\objectdb.conf

[2017-11-20 11:28:47 #3 store] 
Database 'C:\Users\kan\Documents\SmartReminderV2\SE_PROJECT_2017\db\database.odb' is closed by 3312@kan-PC

------------------------------------------------------------------------------------------------------------------------

[2017-11-20 12:09:08 #1 store] 
Database 'C:\Users\kan\Documents\SmartReminderV2\SE_PROJECT_2017\db\database.odb' is opened by 5504@kan-PC

[2017-11-20 12:09:08 #2 store] 
Configuration path: C:\Users\kan\Documents\SmartReminderV2\SE_PROJECT_2017\objectdb-2.7.2_06\objectdb.conf

[2017-11-20 12:09:49 #3 store] 
Database 'C:\Users\kan\Documents\SmartReminderV2\SE_PROJECT_2017\db\database.odb' is closed by 5504@kan-PC

------------------------------------------------------------------------------------------------------------------------

[2017-11-20 12:13:05 #1 store] 
Database 'C:\Users\kan\Documents\SmartReminderV2\SE_PROJECT_2017\db\database.odb' is opened by 6100@kan-PC

[2017-11-20 12:13:05 #2 store] 
Configuration path: C:\Users\kan\Documents\SmartReminderV2\SE_PROJECT_2017\objectdb-2.7.2_06\objectdb.conf

[2017-11-20 12:19:53 #3 store] 
Database 'C:\Users\kan\Documents\SmartReminderV2\SE_PROJECT_2017\db\database.odb' is closed by 6100@kan-PC

------------------------------------------------------------------------------------------------------------------------

[2017-11-20 12:19:59 #1 store] 
Database 'C:\Users\kan\Documents\SmartReminderV2\SE_PROJECT_2017\db\database.odb' is opened by 5416@kan-PC

[2017-11-20 12:19:59 #2 store] 
Configuration path: C:\Users\kan\Documents\SmartReminderV2\SE_PROJECT_2017\objectdb-2.7.2_06\objectdb.conf

[2017-11-20 12:20:13 #3 store] 
Database 'C:\Users\kan\Documents\SmartReminderV2\SE_PROJECT_2017\db\database.odb' is closed by 5416@kan-PC

------------------------------------------------------------------------------------------------------------------------

[2017-11-20 12:20:51 #1 store] 
Database 'C:\Users\kan\Documents\SmartReminderV2\SE_PROJECT_2017\db\database.odb' is opened by 5896@kan-PC

[2017-11-20 12:20:51 #2 store] 
Configuration path: C:\Users\kan\Documents\SmartReminderV2\SE_PROJECT_2017\objectdb-2.7.2_06\objectdb.conf

[2017-11-20 12:21:09 #3 store] 
Database 'C:\Users\kan\Documents\SmartReminderV2\SE_PROJECT_2017\db\database.odb' is closed by 5896@kan-PC

------------------------------------------------------------------------------------------------------------------------

[2017-11-20 12:30:10 #1 store] 
Database 'C:\Users\kan\Documents\SmartReminderV2\SE_PROJECT_2017\db\database.odb' is opened by 6056@kan-PC

[2017-11-20 12:30:10 #2 store] 
Configuration path: C:\Users\kan\Documents\SmartReminderV2\SE_PROJECT_2017\objectdb-2.7.2_06\objectdb.conf

[2017-11-20 12:30:53 #3 store] 
Database 'C:\Users\kan\Documents\SmartReminderV2\SE_PROJECT_2017\db\database.odb' is closed by 6056@kan-PC

------------------------------------------------------------------------------------------------------------------------

[2017-11-20 12:33:59 #1 store] 
Database 'C:\Users\kan\Documents\SmartReminderV2\SE_PROJECT_2017\db\database.odb' is opened by 5780@kan-PC

[2017-11-20 12:33:59 #2 store] 
Configuration path: C:\Users\kan\Documents\SmartReminderV2\SE_PROJECT_2017\objectdb-2.7.2_06\objectdb.conf

[2017-11-20 12:34:17 #3 store] 
Database 'C:\Users\kan\Documents\SmartReminderV2\SE_PROJECT_2017\db\database.odb' is closed by 5780@kan-PC

------------------------------------------------------------------------------------------------------------------------

[2017-11-20 12:45:40 #1 explorer] 
[ObjectDB 2.7.2_06] javax.persistence.PersistenceException
Attempt to open a database file 'C:\Users\kan\Documents\SmartReminderV2\SE_PROJECT_2017\db\database.odb' that is currently in use by another process (error 141)
	at com.objectdb.Explorer$1.run(Explorer.java:57)
	at java.desktop/java.awt.event.InvocationEvent.dispatch(Unknown Source)
	at java.desktop/java.awt.EventQueue.dispatchEventImpl(Unknown Source)
	at java.desktop/java.awt.EventQueue.access$500(Unknown Source)
	at java.desktop/java.awt.EventQueue$3.run(Unknown Source)
	at java.desktop/java.awt.EventQueue$3.run(Unknown Source)
	at java.base/java.security.AccessController.doPrivileged(Native Method)
	at java.base/java.security.ProtectionDomain$JavaSecurityAccessImpl.doIntersectionPrivilege(Unknown Source)
	at java.desktop/java.awt.EventQueue.dispatchEvent(Unknown Source)
	at java.desktop/java.awt.EventDispatchThread.pumpOneEventForFilters(Unknown Source)
	at java.desktop/java.awt.EventDispatchThread.pumpEventsForFilter(Unknown Source)
	at java.desktop/java.awt.EventDispatchThread.pumpEventsForHierarchy(Unknown Source)
	at java.desktop/java.awt.EventDispatchThread.pumpEvents(Unknown Source)
	at java.desktop/java.awt.EventDispatchThread.pumpEvents(Unknown Source)
	at java.desktop/java.awt.EventDispatchThread.run(Unknown Source)
Caused by: com.objectdb.o.UserException: Attempt to open a database file 'C:\Users\kan\Documents\SmartReminderV2\SE_PROJECT_2017\db\database.odb' that is currently in use by another process
	at com.objectdb.o.MSG.d(MSG.java:64)
	at com.objectdb.o.LFL.F(LFL.java:930)
	at com.objectdb.o.LFL.C(LFL.java:887)
	at com.objectdb.o.LFL.C(LFL.java:797)
	at com.objectdb.o.DFL.<init>(DFL.java:241)
	at com.objectdb.o.DocManager.<init>(DocManager.java:25)
	at com.objectdb.o.MST.<init>(MST.java:127)
	at com.objectdb.o.MST.aO(MST.java:109)
	at com.objectdb.o.MSF.Vi(MSF.java:190)
	at com.objectdb.o.OMF.an(OMF.java:783)
	at com.objectdb.jpa.EMF.an(EMF.java:131)
	at com.objectdb.o.OMF.am(OMF.java:694)
	at com.objectdb.jpa.EMF.createEntityManager(EMF.java:150)
	... 17 more

------------------------------------------------------------------------------------------------------------------------

[2017-11-20 12:45:46 #1 store] 
Database 'C:\Users\kan\Documents\SmartReminderV2\SE_PROJECT_2017\db\database.odb' is opened by 3352@kan-PC

[2017-11-20 12:45:46 #2 store] 
Configuration path: C:\Users\kan\Documents\SmartReminderV2\SE_PROJECT_2017\objectdb-2.7.2_06\objectdb.conf

[2017-11-20 12:46:15 #3 store] 
Database 'C:\Users\kan\Documents\SmartReminderV2\SE_PROJECT_2017\db\database.odb' is closed by 3352@kan-PC

------------------------------------------------------------------------------------------------------------------------

[2017-11-20 13:24:52 #1 store] 
Database 'C:\Users\kan\Documents\SmartReminderV2\SE_PROJECT_2017\db\database.odb' is opened by 5316@kan-PC

[2017-11-20 13:24:52 #2 store] 
Configuration path: C:\Users\kan\Documents\SmartReminderV2\SE_PROJECT_2017\objectdb-2.7.2_06\objectdb.conf

[2017-11-20 13:25:18 #3 store] 
Database 'C:\Users\kan\Documents\SmartReminderV2\SE_PROJECT_2017\db\database.odb' is closed by 5316@kan-PC

------------------------------------------------------------------------------------------------------------------------

[2017-11-20 13:41:25 #1 store] 
Database 'C:\Users\kan\Documents\SmartReminderV2\SE_PROJECT_2017\db\database.odb' is opened by 5688@kan-PC

[2017-11-20 13:41:25 #2 store] 
Configuration path: C:\Users\kan\Documents\SmartReminderV2\SE_PROJECT_2017\objectdb-2.7.2_06\objectdb.conf

[2017-11-20 13:42:10 #3 store] 
Database 'C:\Users\kan\Documents\SmartReminderV2\SE_PROJECT_2017\db\database.odb' is closed by 5688@kan-PC

