------------------------------------------------------------------------------------------------------------------------

[2017-12-06 20:18:03 #1 store] 
Database 'C:\Users\kan\Documents\SmartReminderV2\SE_PROJECT_2017\db\database.odb' is opened by 5340@kan-PC

[2017-12-06 20:18:03 #2 store] 
Configuration path: C:\Users\kan\Documents\SmartReminderV2\SE_PROJECT_2017\objectdb-2.7.2_06\objectdb.conf

[2017-12-06 20:19:24 #3 store] 
Database 'C:\Users\kan\Documents\SmartReminderV2\SE_PROJECT_2017\db\database.odb' is closed by 5340@kan-PC

------------------------------------------------------------------------------------------------------------------------

[2017-12-06 20:40:17 #1 store] 
Database 'C:\Users\kan\Documents\SmartReminderV2\SE_PROJECT_2017\db\database.odb' is opened by 1180@kan-PC

[2017-12-06 20:40:17 #2 store] 
Configuration path: C:\Users\kan\Documents\SmartReminderV2\SE_PROJECT_2017\objectdb-2.7.2_06\objectdb.conf

[2017-12-06 21:12:16 #3 store] 
Database 'C:\Users\kan\Documents\SmartReminderV2\SE_PROJECT_2017\db\database.odb' is closed by 1180@kan-PC

------------------------------------------------------------------------------------------------------------------------

[2017-12-06 21:15:35 #1 store] 
Database 'C:\Users\kan\Documents\SmartReminderV2\SE_PROJECT_2017\db\database.odb' is opened by 7100@kan-PC

[2017-12-06 21:15:35 #2 store] 
Configuration path: C:\Users\kan\Documents\SmartReminderV2\SE_PROJECT_2017\objectdb-2.7.2_06\objectdb.conf

[2017-12-06 21:18:47 #3 store] 
Database 'C:\Users\kan\Documents\SmartReminderV2\SE_PROJECT_2017\db\database.odb' is closed by 7100@kan-PC

------------------------------------------------------------------------------------------------------------------------

[2017-12-06 21:24:30 #1 store] 
Database 'C:\Users\kan\Documents\SmartReminderV2\SE_PROJECT_2017\db\database.odb' is opened by 6108@kan-PC

[2017-12-06 21:24:30 #2 store] 
Configuration path: C:\Users\kan\Documents\SmartReminderV2\SE_PROJECT_2017\objectdb-2.7.2_06\objectdb.conf

[2017-12-06 21:52:28 #3 store] 
Database 'C:\Users\kan\Documents\SmartReminderV2\SE_PROJECT_2017\db\database.odb' is closed by 6108@kan-PC

------------------------------------------------------------------------------------------------------------------------

[2017-12-06 22:17:51 #1 store] 
Database 'C:\Users\kan\Documents\SmartReminderV2\SE_PROJECT_2017\db\database.odb' is opened by 4852@kan-PC

[2017-12-06 22:17:51 #2 store] 
Configuration path: C:\Users\kan\Documents\SmartReminderV2\SE_PROJECT_2017\objectdb-2.7.2_06\objectdb.conf

[2017-12-06 22:17:58 #3 store] 
Database 'C:\Users\kan\Documents\SmartReminderV2\SE_PROJECT_2017\db\database.odb' is closed by 4852@kan-PC

------------------------------------------------------------------------------------------------------------------------

[2017-12-06 22:48:33 #1 store] 
Database 'C:\Users\kan\Documents\SmartReminderV2\SE_PROJECT_2017\db\database.odb' is opened by 3160@kan-PC

[2017-12-06 22:48:33 #2 store] 
Configuration path: C:\Users\kan\Documents\SmartReminderV2\SE_PROJECT_2017\objectdb-2.7.2_06\objectdb.conf

[2017-12-06 22:48:48 #3 store] 
Database 'C:\Users\kan\Documents\SmartReminderV2\SE_PROJECT_2017\db\database.odb' is closed by 3160@kan-PC

------------------------------------------------------------------------------------------------------------------------

[2017-12-06 22:58:38 #1 store] 
Database 'C:\Users\kan\Documents\SmartReminderV2\SE_PROJECT_2017\db\database.odb' is opened by 3220@kan-PC

[2017-12-06 22:58:38 #2 store] 
Configuration path: C:\Users\kan\Documents\SmartReminderV2\SE_PROJECT_2017\objectdb-2.7.2_06\objectdb.conf

[2017-12-06 22:58:46 #3 store] 
Database 'C:\Users\kan\Documents\SmartReminderV2\SE_PROJECT_2017\db\database.odb' is closed by 3220@kan-PC

